[debug] [2026-04-06T13:05:35.991Z] ----------------------------------------------------------------------
[debug] [2026-04-06T13:05:36.022Z] Command:       C:\Program Files\nodejs\node.exe C:\Users\Iamaya\AppData\Roaming\npm\node_modules\firebase-tools\lib\bin\firebase.js deploy
[debug] [2026-04-06T13:05:36.024Z] CLI Version:   15.2.1
[debug] [2026-04-06T13:05:36.024Z] Platform:      win32
[debug] [2026-04-06T13:05:36.024Z] Node Version:  v25.2.1
[debug] [2026-04-06T13:05:36.025Z] Time:          Mon Apr 06 2026 10:05:36 GMT-0300 (hora estándar de Argentina)
[debug] [2026-04-06T13:05:36.025Z] ----------------------------------------------------------------------
[debug] 
[debug] [2026-04-06T13:05:36.030Z] >>> [apiv2][query] GET https://firebase-public.firebaseio.com/cli.json [none]
[debug] [2026-04-06T13:06:18.047Z] > command requires scopes: ["email","openid","https://www.googleapis.com/auth/cloudplatformprojects.readonly","https://www.googleapis.com/auth/firebase","https://www.googleapis.com/auth/cloud-platform"]
[debug] [2026-04-06T13:06:18.047Z] > authorizing via signed-in user (naa87.1993@gmail.com)
[debug] [2026-04-06T13:06:18.047Z] [iam] checking project next-level-fitness-52989 for permissions ["datastore.indexes.create","datastore.indexes.delete","datastore.indexes.list","datastore.indexes.update","firebase.projects.get","firebasehosting.sites.update"]
[debug] [2026-04-06T13:06:18.049Z] Checked if tokens are valid: false, expires at: 1768576506040
[debug] [2026-04-06T13:06:18.049Z] Checked if tokens are valid: false, expires at: 1768576506040
[debug] [2026-04-06T13:06:18.050Z] > refreshing access token with scopes: []
[debug] [2026-04-06T13:06:18.052Z] >>> [apiv2][query] POST https://www.googleapis.com/oauth2/v3/token [none]
[debug] [2026-04-06T13:06:18.052Z] >>> [apiv2][body] POST https://www.googleapis.com/oauth2/v3/token [omitted]
[debug] [2026-04-06T13:06:18.240Z] *** [apiv2] error from fetch(https://www.googleapis.com/oauth2/v3/token, {"headers":{},"method":"POST","body":{"_overheadLength":545,"_valueLength":212,"_valuesToMeasure":[],"writable":false,"readable":true,"dataSize":0,"maxDataSize":2097152,"pauseStreams":true,"_released":true,"_streams":[],"_currentStream":null,"_insideLoop":false,"_pendingNext":false,"_boundary":"--------------------------4e8991da918f840a69066274","_events":{},"_eventsCount":1}}): FetchError: request to https://www.googleapis.com/oauth2/v3/token failed, reason: self-signed certificate in certificate chain
[error] Authentication Error: Your credentials are no longer valid. Please run firebase login --reauth

For CI servers and headless environments, generate a new token with firebase login:ci
[debug] [2026-04-06T13:06:18.248Z] [iam] error while checking permissions, command may fail: Authentication Error: Your credentials are no longer valid. Please run firebase login --reauth

For CI servers and headless environments, generate a new token with firebase login:ci
[debug] [2026-04-06T13:06:18.250Z] Checked if tokens are valid: false, expires at: 1768576506040
[debug] [2026-04-06T13:06:18.251Z] Checked if tokens are valid: false, expires at: 1768576506040
[debug] [2026-04-06T13:06:18.252Z] > refreshing access token with scopes: []
[debug] [2026-04-06T13:06:18.253Z] >>> [apiv2][query] POST https://www.googleapis.com/oauth2/v3/token [none]
[debug] [2026-04-06T13:06:18.253Z] >>> [apiv2][body] POST https://www.googleapis.com/oauth2/v3/token [omitted]
[debug] [2026-04-06T13:06:18.376Z] *** [apiv2] error from fetch(https://www.googleapis.com/oauth2/v3/token, {"headers":{},"method":"POST","body":{"_overheadLength":545,"_valueLength":212,"_valuesToMeasure":[],"writable":false,"readable":true,"dataSize":0,"maxDataSize":2097152,"pauseStreams":true,"_released":true,"_streams":[],"_currentStream":null,"_insideLoop":false,"_pendingNext":false,"_boundary":"--------------------------634e5c890e0635549522087f","_events":{},"_eventsCount":1}}): FetchError: request to https://www.googleapis.com/oauth2/v3/token failed, reason: self-signed certificate in certificate chain
[error] Authentication Error: Your credentials are no longer valid. Please run firebase login --reauth

For CI servers and headless environments, generate a new token with firebase login:ci
[debug] [2026-04-06T13:06:18.473Z] Authentication Error: Your credentials are no longer valid. Please run firebase login --reauth

For CI servers and headless environments, generate a new token with firebase login:ci
[error] 
[error] Error: Assertion failed: resolving hosting target of a site with no site name or target name. This should have caused an error earlier
[debug] [2026-04-06T13:06:18.655Z] *** [apiv2] error from fetch(https://firebase-public.firebaseio.com/cli.json, {"headers":{},"method":"GET"}): FetchError: request to https://firebase-public.firebaseio.com/cli.json failed, reason: self-signed certificate in certificate chain
[warn] !  Unable to fetch the CLI MOTD and remote config. This is not a fatal error, but may indicate an issue with your network connection. 
[debug] [2026-04-06T13:06:18.657Z] Failed to fetch MOTD FirebaseError: Failed to make request to https://firebase-public.firebaseio.com/cli.json
